TN:
SF:src/server.ts
FN:45,(anonymous_1)
FN:67,(anonymous_2)
FN:87,(anonymous_3)
FN:97,(anonymous_4)
FN:130,(anonymous_5)
FN:162,(anonymous_6)
FN:233,(anonymous_7)
FN:290,(anonymous_8)
FN:302,(anonymous_9)
FN:313,(anonymous_10)
FN:324,startServer
FN:330,(anonymous_12)
FN:343,(anonymous_13)
FN:345,(anonymous_14)
FN:351,(anonymous_15)
FN:353,(anonymous_16)
FNF:16
FNH:0
FNDA:0,(anonymous_1)
FNDA:0,(anonymous_2)
FNDA:0,(anonymous_3)
FNDA:0,(anonymous_4)
FNDA:0,(anonymous_5)
FNDA:0,(anonymous_6)
FNDA:0,(anonymous_7)
FNDA:0,(anonymous_8)
FNDA:0,(anonymous_9)
FNDA:0,(anonymous_10)
FNDA:0,startServer
FNDA:0,(anonymous_12)
FNDA:0,(anonymous_13)
FNDA:0,(anonymous_14)
FNDA:0,(anonymous_15)
FNDA:0,(anonymous_16)
DA:1,0
DA:4,0
DA:6,0
DA:7,0
DA:8,0
DA:9,0
DA:10,0
DA:11,0
DA:12,0
DA:13,0
DA:16,0
DA:33,0
DA:34,0
DA:37,0
DA:38,0
DA:42,0
DA:45,0
DA:46,0
DA:47,0
DA:48,0
DA:58,0
DA:67,0
DA:68,0
DA:70,0
DA:71,0
DA:72,0
DA:75,0
DA:76,0
DA:77,0
DA:80,0
DA:83,0
DA:87,0
DA:88,0
DA:91,0
DA:97,0
DA:98,0
DA:99,0
DA:101,0
DA:102,0
DA:109,0
DA:113,0
DA:120,0
DA:122,0
DA:129,0
DA:130,0
DA:131,0
DA:136,0
DA:147,0
DA:148,0
DA:162,0
DA:163,0
DA:164,0
DA:166,0
DA:167,0
DA:174,0
DA:177,0
DA:178,0
DA:185,0
DA:189,0
DA:201,0
DA:209,0
DA:218,0
DA:219,0
DA:233,0
DA:234,0
DA:235,0
DA:237,0
DA:238,0
DA:245,0
DA:249,0
DA:257,0
DA:259,0
DA:264,0
DA:273,0
DA:276,0
DA:277,0
DA:290,0
DA:291,0
DA:302,0
DA:303,0
DA:313,0
DA:314,0
DA:322,0
DA:325,0
DA:327,0
DA:330,0
DA:331,0
DA:332,0
DA:333,0
DA:337,0
DA:338,0
DA:343,0
DA:344,0
DA:345,0
DA:346,0
DA:347,0
DA:351,0
DA:352,0
DA:353,0
DA:354,0
DA:355,0
DA:360,0
LF:102
LH:0
BRDA:17,0,0,0
BRDA:17,0,1,0
BRDA:39,1,0,0
BRDA:39,1,1,0
BRDA:51,2,0,0
BRDA:51,2,1,0
BRDA:60,3,0,0
BRDA:60,3,1,0
BRDA:68,4,0,0
BRDA:68,4,1,0
BRDA:70,5,0,0
BRDA:70,5,1,0
BRDA:75,6,0,0
BRDA:75,6,1,0
BRDA:101,7,0,0
BRDA:101,7,1,0
BRDA:117,8,0,0
BRDA:117,8,1,0
BRDA:129,9,0,0
BRDA:129,9,1,0
BRDA:166,10,0,0
BRDA:166,10,1,0
BRDA:177,11,0,0
BRDA:177,11,1,0
BRDA:177,12,0,0
BRDA:177,12,1,0
BRDA:196,13,0,0
BRDA:196,13,1,0
BRDA:197,14,0,0
BRDA:197,14,1,0
BRDA:237,15,0,0
BRDA:237,15,1,0
BRDA:322,16,0,0
BRDA:322,16,1,0
BRF:34
BRH:0
end_of_record
TN:
SF:src/models/index.ts
FNF:0
FNH:0
DA:6,0
DA:7,0
DA:8,0
DA:9,0
LF:4
LH:0
BRF:0
BRH:0
end_of_record
TN:
SF:src/services/ai-analysis.service.ts
FN:23,(anonymous_1)
FN:44,(anonymous_2)
FN:54,(anonymous_3)
FN:58,(anonymous_4)
FN:66,(anonymous_5)
FN:76,(anonymous_6)
FN:99,(anonymous_7)
FN:188,(anonymous_8)
FN:196,(anonymous_9)
FN:228,(anonymous_10)
FN:259,(anonymous_11)
FN:268,(anonymous_12)
FN:276,(anonymous_13)
FN:279,(anonymous_14)
FNF:14
FNH:0
FNDA:0,(anonymous_1)
FNDA:0,(anonymous_2)
FNDA:0,(anonymous_3)
FNDA:0,(anonymous_4)
FNDA:0,(anonymous_5)
FNDA:0,(anonymous_6)
FNDA:0,(anonymous_7)
FNDA:0,(anonymous_8)
FNDA:0,(anonymous_9)
FNDA:0,(anonymous_10)
FNDA:0,(anonymous_11)
FNDA:0,(anonymous_12)
FNDA:0,(anonymous_13)
FNDA:0,(anonymous_14)
DA:1,0
DA:2,0
DA:3,0
DA:12,0
DA:13,0
DA:14,0
DA:15,0
DA:18,0
DA:19,0
DA:20,0
DA:21,0
DA:24,0
DA:45,0
DA:47,0
DA:54,0
DA:55,0
DA:58,0
DA:59,0
DA:62,0
DA:66,0
DA:67,0
DA:70,0
DA:77,0
DA:78,0
DA:80,0
DA:81,0
DA:82,0
DA:85,0
DA:86,0
DA:87,0
DA:90,0
DA:91,0
DA:93,0
DA:100,0
DA:102,0
DA:103,0
DA:105,0
DA:115,0
DA:116,0
DA:117,0
DA:121,0
DA:130,0
DA:133,0
DA:139,0
DA:145,0
DA:148,0
DA:158,0
DA:163,0
DA:166,0
DA:167,0
DA:172,0
DA:174,0
DA:184,0
DA:188,0
DA:197,0
DA:198,0
DA:199,0
DA:201,0
DA:202,0
DA:205,0
DA:215,0
DA:216,0
DA:220,0
DA:228,0
DA:231,0
DA:237,0
DA:243,0
DA:249,0
DA:260,0
DA:261,0
DA:262,0
DA:269,0
DA:270,0
DA:277,0
DA:279,0
DA:290,0
LF:76
LH:0
BRDA:18,0,0,0
BRDA:18,0,1,0
BRDA:19,1,0,0
BRDA:19,1,1,0
BRDA:20,2,0,0
BRDA:20,2,1,0
BRDA:25,3,0,0
BRDA:25,3,1,0
BRDA:80,4,0,0
BRDA:80,4,1,0
BRDA:85,5,0,0
BRDA:85,5,1,0
BRDA:115,6,0,0
BRDA:115,6,1,0
BRDA:172,7,0,0
BRDA:172,7,1,0
BRDA:199,8,0,0
BRDA:199,8,1,0
BRDA:215,9,0,0
BRDA:215,9,1,0
BRDA:261,10,0,0
BRDA:261,10,1,0
BRF:22
BRH:0
end_of_record
TN:
SF:src/services/database.service.ts
FN:12,(anonymous_1)
FN:33,(anonymous_2)
FN:62,(anonymous_3)
FN:91,(anonymous_4)
FN:101,(anonymous_5)
FN:121,(anonymous_6)
FN:132,(anonymous_7)
FN:139,(anonymous_8)
FNF:8
FNH:0
FNDA:0,(anonymous_1)
FNDA:0,(anonymous_2)
FNDA:0,(anonymous_3)
FNDA:0,(anonymous_4)
FNDA:0,(anonymous_5)
FNDA:0,(anonymous_6)
FNDA:0,(anonymous_7)
FNDA:0,(anonymous_8)
DA:1,0
DA:2,0
DA:9,0
DA:13,0
DA:34,0
DA:35,0
DA:48,0
DA:49,0
DA:50,0
DA:52,0
DA:54,0
DA:55,0
DA:63,0
DA:64,0
DA:67,0
DA:68,0
DA:69,0
DA:70,0
DA:72,0
DA:78,0
DA:80,0
DA:84,0
DA:92,0
DA:93,0
DA:95,0
DA:102,0
DA:104,0
DA:105,0
DA:106,0
DA:107,0
DA:108,0
DA:110,0
DA:111,0
DA:112,0
DA:114,0
DA:122,0
DA:123,0
DA:124,0
DA:125,0
DA:133,0
DA:140,0
DA:141,0
DA:144,0
DA:153,0
LF:44
LH:0
BRDA:14,0,0,0
BRDA:14,0,1,0
BRDA:36,1,0,0
BRDA:36,1,1,0
BRDA:37,2,0,0
BRDA:37,2,1,0
BRDA:38,3,0,0
BRDA:38,3,1,0
BRDA:41,4,0,0
BRDA:41,4,1,0
BRDA:63,5,0,0
BRDA:63,5,1,0
BRDA:92,6,0,0
BRDA:92,6,1,0
BRDA:122,7,0,0
BRDA:122,7,1,0
BRDA:140,8,0,0
BRDA:140,8,1,0
BRF:18
BRH:0
end_of_record
TN:
SF:src/services/openai.service.ts
FN:15,(anonymous_1)
FN:43,(anonymous_2)
FN:109,(anonymous_3)
FN:146,(anonymous_4)
FNF:4
FNH:0
FNDA:0,(anonymous_1)
FNDA:0,(anonymous_2)
FNDA:0,(anonymous_3)
FNDA:0,(anonymous_4)
DA:1,0
DA:2,0
DA:4,0
DA:16,0
DA:20,0
DA:22,0
DA:47,0
DA:49,0
DA:50,0
DA:53,0
DA:54,0
DA:58,0
DA:69,0
DA:70,0
DA:71,0
DA:74,0
DA:77,0
DA:78,0
DA:82,0
DA:83,0
DA:84,0
DA:87,0
DA:93,0
DA:100,0
DA:101,0
DA:113,0
DA:115,0
DA:116,0
DA:118,0
DA:128,0
DA:130,0
DA:135,0
DA:138,0
DA:139,0
DA:147,0
DA:148,0
DA:154,0
DA:158,0
DA:160,0
DA:161,0
DA:167,0
LF:41
LH:0
BRDA:20,0,0,0
BRDA:20,0,1,0
BRDA:23,1,0,0
BRDA:23,1,1,0
BRDA:53,2,0,0
BRDA:53,2,1,0
BRDA:70,3,0,0
BRDA:70,3,1,0
BRDA:77,4,0,0
BRDA:77,4,1,0
BRDA:77,5,0,0
BRDA:77,5,1,0
BRDA:82,6,0,0
BRDA:82,6,1,0
BRDA:89,7,0,0
BRDA:89,7,1,0
BRDA:94,8,0,0
BRDA:94,8,1,0
BRDA:96,9,0,0
BRDA:96,9,1,0
BRDA:128,10,0,0
BRDA:128,10,1,0
BRF:22
BRH:0
end_of_record
TN:
SF:src/services/prompt-builder.service.ts
FN:14,(anonymous_0)
FN:58,(anonymous_1)
FN:66,(anonymous_2)
FN:68,(anonymous_3)
FN:88,(anonymous_4)
FN:96,(anonymous_5)
FN:98,(anonymous_6)
FN:107,(anonymous_7)
FN:117,(anonymous_8)
FN:124,(anonymous_9)
FN:132,(anonymous_10)
FNF:11
FNH:11
FNDA:4,(anonymous_0)
FNDA:3,(anonymous_1)
FNDA:3,(anonymous_2)
FNDA:3,(anonymous_3)
FNDA:1,(anonymous_4)
FNDA:4,(anonymous_5)
FNDA:106,(anonymous_6)
FNDA:9,(anonymous_7)
FNDA:11,(anonymous_8)
FNDA:4,(anonymous_9)
FNDA:3,(anonymous_10)
DA:7,1
DA:8,1
DA:9,1
DA:15,4
DA:59,3
DA:60,3
DA:67,3
DA:68,3
DA:71,3
DA:89,1
DA:90,1
DA:97,4
DA:98,106
DA:101,4
DA:108,9
DA:109,6
DA:111,3
DA:118,11
DA:125,4
DA:126,4
DA:133,3
DA:134,3
DA:139,1
LF:23
LH:23
BRDA:31,0,0,2
BRDA:31,0,1,2
BRDA:67,1,0,2
BRDA:67,1,1,1
BRDA:67,2,0,3
BRDA:67,2,1,2
BRDA:108,3,0,6
BRDA:108,3,1,3
BRDA:124,4,0,3
BRDA:132,5,0,0
BRF:10
BRH:9
end_of_record
